<?xml version="1.0" encoding="utf-8"?><testsuites name="pytest tests"><testsuite name="pytest" errors="0" failures="0" skipped="0" tests="8" time="84.215" timestamp="2026-04-15T10:19:12.350572+00:00" hostname="agent-env-1ece4f8a-ebfc-4ff2-b3bc-0d0ea1cd80e3"><testcase classname="backend.tests.test_canvas_renderers.TestGenerateEndpointStructure" name="test_mindmap_returns_structured_json" time="5.441" /><testcase classname="backend.tests.test_canvas_renderers.TestGenerateEndpointStructure" name="test_flashcards_returns_structured_json" time="14.635" /><testcase classname="backend.tests.test_canvas_renderers.TestGenerateEndpointStructure" name="test_quiz_returns_structured_json" time="20.648" /><testcase classname="backend.tests.test_canvas_renderers.TestGenerateEndpointStructure" name="test_datatable_returns_structured_json" time="14.681" /><testcase classname="backend.tests.test_canvas_renderers.TestExistingRenderersNoRegression" name="test_report_still_returns_slides_data" time="7.926" /><testcase classname="backend.tests.test_canvas_renderers.TestExistingRenderersNoRegression" name="test_infographic_still_returns_slides_data" time="20.542" /><testcase classname="backend.tests.test_canvas_renderers.TestGenerateEndpointErrors" name="test_generate_without_sources_returns_400" time="0.180" /><testcase classname="backend.tests.test_canvas_renderers.TestGenerateEndpointErrors" name="test_unknown_output_type_returns_400" time="0.113" /></testsuite></testsuites>