<?xml version="1.0" encoding="utf-8"?><testsuites name="pytest tests"><testsuite name="pytest" errors="0" failures="4" skipped="0" tests="23" time="590.459" timestamp="2026-04-15T12:39:08.313872+00:00" hostname="agent-env-1ece4f8a-ebfc-4ff2-b3bc-0d0ea1cd80e3"><testcase classname="backend.tests.test_enhanced_chat_features.TestChatRAGRetrieval" name="test_api_health" time="0.252" /><testcase classname="backend.tests.test_enhanced_chat_features.TestChatRAGRetrieval" name="test_sources_exist" time="0.109" /><testcase classname="backend.tests.test_enhanced_chat_features.TestChatRAGRetrieval" name="test_backfill_chunks_endpoint" time="0.176" /><testcase classname="backend.tests.test_enhanced_chat_features.TestChatRAGRetrieval" name="test_chat_uses_rag_retrieval" time="27.453" /><testcase classname="backend.tests.test_enhanced_chat_features.TestChatSourceFiltering" name="test_chat_with_all_sources" time="20.086" /><testcase classname="backend.tests.test_enhanced_chat_features.TestChatSourceFiltering" name="test_chat_with_single_source_filter" time="20.096" /><testcase classname="backend.tests.test_enhanced_chat_features.TestChatSourceFiltering" name="test_chat_with_multiple_source_filter" time="32.969" /><testcase classname="backend.tests.test_enhanced_chat_features.TestChatModes" name="test_mode_general" time="14.079" /><testcase classname="backend.tests.test_enhanced_chat_features.TestChatModes" name="test_mode_compare" time="41.822" /><testcase classname="backend.tests.test_enhanced_chat_features.TestChatModes" name="test_mode_deep_analysis" time="60.205"><failure message="assert 502 == 200&#10; +  where 502 = &lt;Response [502]&gt;.status_code">backend/tests/test_enhanced_chat_features.py:205: in test_mode_deep_analysis
    assert response.status_code == 200
E   assert 502 == 200
E    +  where 502 = &lt;Response [502]&gt;.status_code</failure></testcase><testcase classname="backend.tests.test_enhanced_chat_features.TestChatModes" name="test_mode_executive_summary" time="60.212"><failure message="assert 502 == 200&#10; +  where 502 = &lt;Response [502]&gt;.status_code">backend/tests/test_enhanced_chat_features.py:223: in test_mode_executive_summary
    assert response.status_code == 200
E   assert 502 == 200
E    +  where 502 = &lt;Response [502]&gt;.status_code</failure></testcase><testcase classname="backend.tests.test_enhanced_chat_features.TestChatModes" name="test_mode_qa_prep" time="60.194"><failure message="assert 502 == 200&#10; +  where 502 = &lt;Response [502]&gt;.status_code">backend/tests/test_enhanced_chat_features.py:240: in test_mode_qa_prep
    assert response.status_code == 200
E   assert 502 == 200
E    +  where 502 = &lt;Response [502]&gt;.status_code</failure></testcase><testcase classname="backend.tests.test_enhanced_chat_features.TestChatFollowUps" name="test_chat_returns_follow_ups" time="26.440" /><testcase classname="backend.tests.test_enhanced_chat_features.TestChatFollowUps" name="test_follow_ups_are_questions" time="60.124"><failure message="assert 502 == 200&#10; +  where 502 = &lt;Response [502]&gt;.status_code">backend/tests/test_enhanced_chat_features.py:293: in test_follow_ups_are_questions
    assert response.status_code == 200
E   assert 502 == 200
E    +  where 502 = &lt;Response [502]&gt;.status_code</failure></testcase><testcase classname="backend.tests.test_enhanced_chat_features.TestChatCitations" name="test_chat_returns_citations" time="54.275" /><testcase classname="backend.tests.test_enhanced_chat_features.TestChatCitations" name="test_citations_have_correct_structure" time="44.314" /><testcase classname="backend.tests.test_enhanced_chat_features.TestChatExportDOCX" name="test_export_chat_docx_basic" time="0.228" /><testcase classname="backend.tests.test_enhanced_chat_features.TestChatExportDOCX" name="test_export_chat_docx_with_citations" time="0.128" /><testcase classname="backend.tests.test_enhanced_chat_features.TestChatExportDOCX" name="test_export_chat_docx_empty_messages" time="0.157" /><testcase classname="backend.tests.test_enhanced_chat_features.TestChatExportDOCX" name="test_export_chat_docx_long_conversation" time="0.149" /><testcase classname="backend.tests.test_enhanced_chat_features.TestChatRequestModel" name="test_chat_request_with_all_new_params" time="9.504" /><testcase classname="backend.tests.test_enhanced_chat_features.TestChatRequestModel" name="test_chat_request_backward_compatible" time="36.939" /><testcase classname="backend.tests.test_enhanced_chat_features.TestChatResponseModel" name="test_chat_response_has_all_fields" time="20.416" /></testsuite></testsuites>