<?xml version="1.0" encoding="utf-8"?><testsuites name="pytest tests"><testsuite name="pytest" errors="0" failures="0" skipped="0" tests="13" time="149.307" timestamp="2026-04-15T11:43:27.308509+00:00" hostname="agent-env-1ece4f8a-ebfc-4ff2-b3bc-0d0ea1cd80e3"><testcase classname="backend.tests.test_export_formats.TestQuizDocxExport" name="test_quiz_docx_export_success" time="36.091" /><testcase classname="backend.tests.test_export_formats.TestQuizDocxExport" name="test_quiz_docx_export_empty_sections" time="0.213" /><testcase classname="backend.tests.test_export_formats.TestQuizDocxExport" name="test_quiz_docx_export_mcq_only" time="0.179" /><testcase classname="backend.tests.test_export_formats.TestDataTableXlsxExport" name="test_datatable_xlsx_export_success" time="0.119" /><testcase classname="backend.tests.test_export_formats.TestDataTableXlsxExport" name="test_datatable_xlsx_export_empty_tables" time="0.118" /><testcase classname="backend.tests.test_export_formats.TestDataTableXlsxExport" name="test_datatable_xlsx_export_stats_only" time="0.138" /><testcase classname="backend.tests.test_export_formats.TestGenerateEndpointStructures" name="test_generate_quiz_returns_correct_structure" time="17.054" /><testcase classname="backend.tests.test_export_formats.TestGenerateEndpointStructures" name="test_generate_datatable_returns_correct_structure" time="15.351" /><testcase classname="backend.tests.test_export_formats.TestGenerateEndpointStructures" name="test_generate_flashcards_returns_array" time="11.305" /><testcase classname="backend.tests.test_export_formats.TestGenerateEndpointStructures" name="test_generate_mindmap_returns_dict" time="4.574" /><testcase classname="backend.tests.test_export_formats.TestNoRegression" name="test_slides_pptx_generation_structure" time="30.135" /><testcase classname="backend.tests.test_export_formats.TestNoRegression" name="test_report_generation_structure" time="7.862" /><testcase classname="backend.tests.test_export_formats.TestNoRegression" name="test_infographic_generation_structure" time="26.090" /></testsuite></testsuites>