<?xml version="1.0" encoding="utf-8"?><testsuites name="pytest tests"><testsuite name="pytest" errors="0" failures="0" skipped="0" tests="8" time="6.378" timestamp="2026-03-12T08:35:36.371493+00:00" hostname="agent-env-125a47fc-328a-48aa-9471-2431f2cf4408"><testcase classname="backend.tests.test_file_upload.TestFileUploadTypes" name="test_xlsx_upload" time="0.288" /><testcase classname="backend.tests.test_file_upload.TestFileUploadTypes" name="test_pptx_upload" time="0.247" /><testcase classname="backend.tests.test_file_upload.TestFileUploadTypes" name="test_png_image_upload" time="4.983" /><testcase classname="backend.tests.test_file_upload.TestFileUploadTypes" name="test_pdf_upload" time="0.203" /><testcase classname="backend.tests.test_file_upload.TestFileUploadTypes" name="test_txt_upload" time="0.216" /><testcase classname="backend.tests.test_file_upload.TestGetSourcesWithTypes" name="test_sources_list_has_correct_types" time="0.096" /><testcase classname="backend.tests.test_file_upload.TestUnsupportedFileType" name="test_unsupported_file_rejected" time="0.196" /><testcase classname="backend.tests.test_file_upload.TestExistingSourcesVerification" name="test_all_uploaded_sources_present" time="0.101" /></testsuite></testsuites>