<?xml version="1.0" encoding="utf-8"?><testsuites name="pytest tests"><testsuite name="pytest" errors="0" failures="0" skipped="0" tests="13" time="287.207" timestamp="2026-03-17T09:20:48.027806+00:00" hostname="agent-env-1ece4f8a-ebfc-4ff2-b3bc-0d0ea1cd80e3"><testcase classname="tests.test_infographic_minimal_text.TestInfographicMinimalText" name="test_api_health" time="0.178" /><testcase classname="tests.test_infographic_minimal_text.TestInfographicMinimalText" name="test_sources_available" time="0.134" /><testcase classname="tests.test_infographic_minimal_text.TestInfographicMinimalText" name="test_generate_infographic_returns_200" time="26.587" /><testcase classname="tests.test_infographic_minimal_text.TestInfographicMinimalText" name="test_infographic_has_6_sections" time="24.650" /><testcase classname="tests.test_infographic_minimal_text.TestInfographicMinimalText" name="test_infographic_max_2_bullets_per_section" time="26.876" /><testcase classname="tests.test_infographic_minimal_text.TestInfographicMinimalText" name="test_infographic_bullets_under_10_words" time="25.626" /><testcase classname="tests.test_infographic_minimal_text.TestInfographicMinimalText" name="test_infographic_has_subtitles" time="25.720" /><testcase classname="tests.test_infographic_minimal_text.TestInfographicMinimalText" name="test_infographic_has_imageKeywords" time="25.404" /><testcase classname="tests.test_infographic_minimal_text.TestInfographicMinimalText" name="test_infographic_visual_types_not_all_none" time="25.546" /><testcase classname="tests.test_infographic_minimal_text.TestInfographicMinimalText" name="test_infographic_has_at_least_2_workflow_sections" time="25.118" /><testcase classname="tests.test_infographic_minimal_text.TestInfographicMinimalText" name="test_workflow_sections_have_steps" time="27.417" /><testcase classname="tests.test_infographic_minimal_text.TestInfographicMinimalText" name="test_stat_sections_have_values" time="25.307" /><testcase classname="tests.test_infographic_minimal_text.TestInfographicMinimalText" name="test_infographic_structure_summary" time="28.583" /></testsuite></testsuites>