<?xml version="1.0" encoding="utf-8"?><testsuites name="pytest tests"><testsuite name="pytest" errors="0" failures="0" skipped="0" tests="6" time="143.116" timestamp="2026-03-16T10:44:47.997096+00:00" hostname="agent-env-dd690fda-b3e4-4086-ba64-10ce875cbafb"><testcase classname="backend.tests.test_infographic_image_gen.TestInfographicImageGeneration" name="test_api_health" time="13.185" /><testcase classname="backend.tests.test_infographic_image_gen.TestInfographicImageGeneration" name="test_sources_available" time="0.172" /><testcase classname="backend.tests.test_infographic_image_gen.TestInfographicImageGeneration" name="test_infographic_generation_returns_image_keyword" time="31.871" /><testcase classname="backend.tests.test_infographic_image_gen.TestInfographicImageGeneration" name="test_image_generation_endpoint_infographic_layout" time="42.385" /><testcase classname="backend.tests.test_infographic_image_gen.TestInfographicImageGeneration" name="test_image_generation_with_image_keyword_parameter" time="18.052" /><testcase classname="backend.tests.test_infographic_image_gen.TestInfographicDataStructure" name="test_infographic_section_fields" time="37.354" /></testsuite></testsuites>