<?xml version="1.0" encoding="utf-8"?><testsuites name="pytest tests"><testsuite name="pytest" errors="0" failures="0" skipped="0" tests="11" time="109.484" timestamp="2026-03-17T09:03:09.152143+00:00" hostname="agent-env-1ece4f8a-ebfc-4ff2-b3bc-0d0ea1cd80e3"><testcase classname="backend.tests.test_minimal_text_report.TestMinimalTextReport" name="test_api_health" time="0.173" /><testcase classname="backend.tests.test_minimal_text_report.TestMinimalTextReport" name="test_sources_available" time="0.195" /><testcase classname="backend.tests.test_minimal_text_report.TestMinimalTextReport" name="test_report_generation_returns_structured_data" time="13.989" /><testcase classname="backend.tests.test_minimal_text_report.TestMinimalTextReport" name="test_report_has_max_5_sections" time="18.604" /><testcase classname="backend.tests.test_minimal_text_report.TestMinimalTextReport" name="test_sections_have_max_2_bullets" time="10.703" /><testcase classname="backend.tests.test_minimal_text_report.TestMinimalTextReport" name="test_bullets_are_short" time="13.967" /><testcase classname="backend.tests.test_minimal_text_report.TestMinimalTextReport" name="test_sections_have_required_fields" time="10.816" /><testcase classname="backend.tests.test_minimal_text_report.TestMinimalTextReport" name="test_visual_types_distribution" time="8.659" /><testcase classname="backend.tests.test_minimal_text_report.TestMinimalTextReport" name="test_workflow_sections_have_steps" time="8.262" /><testcase classname="backend.tests.test_minimal_text_report.TestMinimalTextReport" name="test_stat_sections_have_stat_value" time="9.314" /><testcase classname="backend.tests.test_minimal_text_report.TestImageGeneration" name="test_generate_image_endpoint" time="14.742" /></testsuite></testsuites>