<?xml version="1.0" encoding="utf-8"?><testsuites name="pytest tests"><testsuite name="pytest" errors="0" failures="0" skipped="0" tests="12" time="245.559" timestamp="2026-03-12T11:19:16.075990+00:00" hostname="agent-env-dd690fda-b3e4-4086-ba64-10ce875cbafb"><testcase classname="backend.tests.test_pptx_generation.TestPPTXSlideGeneration" name="test_api_root_health" time="0.144" /><testcase classname="backend.tests.test_pptx_generation.TestPPTXSlideGeneration" name="test_sources_available" time="0.113" /><testcase classname="backend.tests.test_pptx_generation.TestPPTXSlideGeneration" name="test_generate_slides_structure" time="33.027" /><testcase classname="backend.tests.test_pptx_generation.TestPPTXSlideGeneration" name="test_slide_layout_distribution" time="22.705" /><testcase classname="backend.tests.test_pptx_generation.TestPPTXSlideGeneration" name="test_slide_fields_populated" time="21.321" /><testcase classname="backend.tests.test_pptx_generation.TestPPTXSlideGeneration" name="test_image_keywords_contextual" time="21.521" /><testcase classname="backend.tests.test_pptx_generation.TestImageGenerationEndpoint" name="test_generate_image_endpoint_exists" time="17.084" /><testcase classname="backend.tests.test_pptx_generation.TestImageGenerationEndpoint" name="test_generate_image_with_health_theme" time="17.235" /><testcase classname="backend.tests.test_pptx_generation.TestImageGenerationEndpoint" name="test_generate_image_request_model_fields" time="48.032" /><testcase classname="backend.tests.test_pptx_generation.TestHealthThemeColors" name="test_health_theme_applied_to_slides" time="33.049" /><testcase classname="backend.tests.test_pptx_generation.TestSlideContentQuality" name="test_slides_have_meaningful_content" time="30.552" /><testcase classname="backend.tests.test_pptx_generation.TestCleanup" name="test_cleanup_test_outputs" time="0.723" /></testsuite></testsuites>