<?xml version="1.0" encoding="utf-8"?><testsuites name="pytest tests"><testsuite name="pytest" errors="0" failures="0" skipped="0" tests="6" time="28.425" timestamp="2026-03-12T07:21:20.526232+00:00" hostname="agent-env-dc086c77-7455-47ab-b4e9-2d1c17455e47"><testcase classname="backend.tests.test_api.TestAPIHealth" name="test_api_root" time="0.159" /><testcase classname="backend.tests.test_api.TestSourcesEndpoints" name="test_get_sources" time="0.130" /><testcase classname="backend.tests.test_api.TestOutputsEndpoints" name="test_get_outputs" time="0.442" /><testcase classname="backend.tests.test_api.TestChatEndpoint" name="test_chat_with_sources" time="27.369" /><testcase classname="backend.tests.test_api.TestStatusEndpoint" name="test_create_status_check" time="0.169" /><testcase classname="backend.tests.test_api.TestStatusEndpoint" name="test_get_status_checks" time="0.097" /></testsuite></testsuites>