<?xml version="1.0" encoding="utf-8"?><testsuites name="pytest tests"><testsuite name="pytest" errors="0" failures="0" skipped="0" tests="8" time="139.640" timestamp="2026-03-12T10:44:21.797309+00:00" hostname="agent-env-dd690fda-b3e4-4086-ba64-10ce875cbafb"><testcase classname="backend.tests.test_infographic_visual_relevance.TestSourcesAPI" name="test_get_sources_returns_200" time="0.187" /><testcase classname="backend.tests.test_infographic_visual_relevance.TestSourcesAPI" name="test_sources_list_not_empty" time="0.102" /><testcase classname="backend.tests.test_infographic_visual_relevance.TestInfographicGeneration" name="test_generate_infographic_endpoint" time="38.821" /><testcase classname="backend.tests.test_infographic_visual_relevance.TestInfographicGeneration" name="test_infographic_has_slides_data" time="36.531" /><testcase classname="backend.tests.test_infographic_visual_relevance.TestInfographicGeneration" name="test_visual_type_defaults_to_none_for_descriptive_content" time="31.299" /><testcase classname="backend.tests.test_infographic_visual_relevance.TestInfographicGeneration" name="test_infographic_section_structure" time="31.967" /><testcase classname="backend.tests.test_infographic_visual_relevance.TestAPIHealth" name="test_api_root" time="0.140" /><testcase classname="backend.tests.test_infographic_visual_relevance.TestOutputsAPI" name="test_get_outputs" time="0.532" /></testsuite></testsuites>