<?xml version="1.0" encoding="utf-8"?><testsuites name="pytest tests"><testsuite name="pytest" errors="0" failures="1" skipped="0" tests="17" time="186.528" timestamp="2026-04-15T13:30:12.891426+00:00" hostname="agent-env-1ece4f8a-ebfc-4ff2-b3bc-0d0ea1cd80e3"><testcase classname="backend.tests.test_rfp_enterprise.TestRFPGenerateEndpoint" name="test_generate_returns_structured_content" time="49.745" /><testcase classname="backend.tests.test_rfp_enterprise.TestRFPGenerateEndpoint" name="test_generate_produces_markdown_tables" time="48.524" /><testcase classname="backend.tests.test_rfp_enterprise.TestRFPGenerateEndpoint" name="test_generate_produces_subheadings" time="23.354" /><testcase classname="backend.tests.test_rfp_enterprise.TestRFPGenerateEndpoint" name="test_generate_produces_bullet_points" time="60.163"><failure message="assert 502 == 200&#10; +  where 502 = &lt;Response [502]&gt;.status_code">backend/tests/test_rfp_enterprise.py:144: in test_generate_produces_bullet_points
    assert response.status_code == 200
E   assert 502 == 200
E    +  where 502 = &lt;Response [502]&gt;.status_code</failure></testcase><testcase classname="backend.tests.test_rfp_enterprise.TestRFPExportDOCX" name="test_export_docx_basic" time="0.265" /><testcase classname="backend.tests.test_rfp_enterprise.TestRFPExportDOCX" name="test_export_docx_renders_markdown_tables" time="0.224" /><testcase classname="backend.tests.test_rfp_enterprise.TestRFPExportDOCX" name="test_export_docx_renders_subheadings" time="0.245" /><testcase classname="backend.tests.test_rfp_enterprise.TestRFPExportDOCX" name="test_export_docx_renders_bullets" time="0.186" /><testcase classname="backend.tests.test_rfp_enterprise.TestRFPExportDOCX" name="test_export_docx_renders_numbered_lists" time="0.263" /><testcase classname="backend.tests.test_rfp_enterprise.TestRFPExportDOCX" name="test_export_docx_renders_bold_text" time="0.187" /><testcase classname="backend.tests.test_rfp_enterprise.TestRFPExportDOCX" name="test_export_docx_table_has_teal_header" time="0.136" /><testcase classname="backend.tests.test_rfp_enterprise.TestRFPExportPDF" name="test_export_pdf_basic" time="0.547" /><testcase classname="backend.tests.test_rfp_enterprise.TestRFPParseTemplate" name="test_parse_template_txt" time="2.560" /><testcase classname="backend.tests.test_rfp_enterprise.TestFrontendSections" name="test_frontend_has_15_sections" time="0.000" /><testcase classname="backend.tests.test_rfp_enterprise.TestFrontendSections" name="test_frontend_renders_tables" time="0.000" /><testcase classname="backend.tests.test_rfp_enterprise.TestFrontendSections" name="test_frontend_renders_bullets" time="0.000" /><testcase classname="backend.tests.test_rfp_enterprise.TestFrontendSections" name="test_frontend_renders_bold" time="0.000" /></testsuite></testsuites>