<?xml version="1.0" encoding="utf-8"?><testsuites name="pytest tests"><testsuite name="pytest" errors="0" failures="1" skipped="0" tests="13" time="2.066" timestamp="2026-03-17T11:16:13.495140+00:00" hostname="agent-env-1ece4f8a-ebfc-4ff2-b3bc-0d0ea1cd80e3"><testcase classname="backend.tests.test_rfp_citation_stripping.TestCitationStripping" name="test_docx_export_no_citations" time="0.249" /><testcase classname="backend.tests.test_rfp_citation_stripping.TestCitationStripping" name="test_pdf_export_no_citations" time="0.295" /><testcase classname="backend.tests.test_rfp_citation_stripping.TestCitationStripping" name="test_docx_has_proper_headings" time="0.239" /><testcase classname="backend.tests.test_rfp_citation_stripping.TestCitationStripping" name="test_docx_has_table_of_contents" time="0.160" /><testcase classname="backend.tests.test_rfp_citation_stripping.TestCitationStripping" name="test_pdf_has_table_of_contents" time="0.181" /><testcase classname="backend.tests.test_rfp_citation_stripping.TestCitationStripping" name="test_docx_has_title_page" time="0.137"><failure message="AssertionError: RFP label not found&#10;assert ('REQUEST FOR PROPOSAL' in '\n\n\n\n\nHospital at Home Platform\n──────────────────────────────\nPrepared for\nMinistry of Health\n\n\n\n\n\n\nTable of Contents\n──────────────────────────────────────────────────\n\nExecutive Summary\nSection 1 of 2\n──────────────────────────────────────────────────\nThis project will revolutionize healthcare delivery. The platform enables remote patient monitoring and integrates with existing hospital systems. Key benefits include improved patient outcomes and reduced costs.\n\nProject Objectives\nSection 2 of 2\n──────────────────────────────────────────────────\nThe primary objective is to deploy a comprehensive telemedicine solution. Secondary objectives include training staff and establishing 24/7 support.\n\n\n\n\n\n\n\nEnd of Document\n──────────────────────────────\nGenerated by HealthOS  |  AI-Powered Research Assistant' or 'Request for Proposal' in '\n\n\n\n\nHospital at Home Platform\n──────────────────────────────\nPrepared for\nMinistry of Health\n\n\n\n\n\n\nTable of Contents\n──────────────────────────────────────────────────\n\nExecutive Summary\nSection 1 of 2\n──────────────────────────────────────────────────\nThis project will revolutionize healthcare delivery. The platform enables remote patient monitoring and integrates with existing hospital systems. Key benefits include improved patient outcomes and reduced costs.\n\nProject Objectives\nSection 2 of 2\n──────────────────────────────────────────────────\nThe primary objective is to deploy a comprehensive telemedicine solution. Secondary objectives include training staff and establishing 24/7 support.\n\n\n\n\n\n\n\nEnd of Document\n──────────────────────────────\nGenerated by HealthOS  |  AI-Powered Research Assistant')">backend/tests/test_rfp_citation_stripping.py:233: in test_docx_has_title_page
    assert 'REQUEST FOR PROPOSAL' in full_text or 'Request for Proposal' in full_text, "RFP label not found"
E   AssertionError: RFP label not found
E   assert ('REQUEST FOR PROPOSAL' in '\n\n\n\n\nHospital at Home Platform\n──────────────────────────────\nPrepared for\nMinistry of Health\n\n\n\n\n\n\nTable of Contents\n──────────────────────────────────────────────────\n\nExecutive Summary\nSection 1 of 2\n──────────────────────────────────────────────────\nThis project will revolutionize healthcare delivery. The platform enables remote patient monitoring and integrates with existing hospital systems. Key benefits include improved patient outcomes and reduced costs.\n\nProject Objectives\nSection 2 of 2\n──────────────────────────────────────────────────\nThe primary objective is to deploy a comprehensive telemedicine solution. Secondary objectives include training staff and establishing 24/7 support.\n\n\n\n\n\n\n\nEnd of Document\n──────────────────────────────\nGenerated by HealthOS  |  AI-Powered Research Assistant' or 'Request for Proposal' in '\n\n\n\n\nHospital at Home Platform\n──────────────────────────────\nPrepared for\nMinistry of Health\n\n\n\n\n\n\nTable of Contents\n──────────────────────────────────────────────────\n\nExecutive Summary\nSection 1 of 2\n──────────────────────────────────────────────────\nThis project will revolutionize healthcare delivery. The platform enables remote patient monitoring and integrates with existing hospital systems. Key benefits include improved patient outcomes and reduced costs.\n\nProject Objectives\nSection 2 of 2\n──────────────────────────────────────────────────\nThe primary objective is to deploy a comprehensive telemedicine solution. Secondary objectives include training staff and establishing 24/7 support.\n\n\n\n\n\n\n\nEnd of Document\n──────────────────────────────\nGenerated by HealthOS  |  AI-Powered Research Assistant')</failure></testcase><testcase classname="backend.tests.test_rfp_citation_stripping.TestCitationStripping" name="test_pdf_has_title_page" time="0.126" /><testcase classname="backend.tests.test_rfp_citation_stripping.TestSectionContent" name="test_evaluation_criteria_has_content" time="0.000" /><testcase classname="backend.tests.test_rfp_citation_stripping.TestSectionContent" name="test_submission_requirements_has_content" time="0.000" /><testcase classname="backend.tests.test_rfp_citation_stripping.TestSectionContent" name="test_all_sections_have_content_in_export" time="0.155" /><testcase classname="backend.tests.test_rfp_citation_stripping.TestExportFormats" name="test_docx_format_valid" time="0.177" /><testcase classname="backend.tests.test_rfp_citation_stripping.TestExportFormats" name="test_pdf_format_valid" time="0.127" /><testcase classname="backend.tests.test_rfp_citation_stripping.TestExportFormats" name="test_invalid_format_returns_400" time="0.107" /></testsuite></testsuites>