<?xml version="1.0" encoding="utf-8"?><testsuites name="pytest tests"><testsuite name="pytest" errors="0" failures="3" skipped="0" tests="10" time="182.676" timestamp="2026-03-17T10:33:50.876287+00:00" hostname="agent-env-1ece4f8a-ebfc-4ff2-b3bc-0d0ea1cd80e3"><testcase classname="backend.tests.test_rfp_generator.TestRFPGenerator" name="test_api_health" time="0.215" /><testcase classname="backend.tests.test_rfp_generator.TestRFPGenerator" name="test_sources_available" time="0.112" /><testcase classname="backend.tests.test_rfp_generator.TestRFPGenerator" name="test_parse_template_endpoint_exists" time="0.108" /><testcase classname="backend.tests.test_rfp_generator.TestRFPGenerator" name="test_parse_template_with_txt_file" time="1.209" /><testcase classname="backend.tests.test_rfp_generator.TestRFPGenerator" name="test_parse_template_unsupported_type" time="0.170" /><testcase classname="backend.tests.test_rfp_generator.TestRFPGenerator" name="test_generate_endpoint_exists" time="0.102" /><testcase classname="backend.tests.test_rfp_generator.TestRFPGenerator" name="test_generate_requires_indexed_sources" time="0.146" /><testcase classname="backend.tests.test_rfp_generator.TestRFPGenerator" name="test_generate_rfp_full_flow" time="60.134"><failure message="AssertionError: RFP generation failed: The preview environment is not responding. It may be starting up.&#10;  &#10;assert 502 == 200&#10; +  where 502 = &lt;Response [502]&gt;.status_code">backend/tests/test_rfp_generator.py:168: in test_generate_rfp_full_flow
    assert response.status_code == 200, f"RFP generation failed: {response.text[:200]}"
E   AssertionError: RFP generation failed: The preview environment is not responding. It may be starting up.
E     
E   assert 502 == 200
E    +  where 502 = &lt;Response [502]&gt;.status_code</failure></testcase><testcase classname="backend.tests.test_rfp_generator.TestRFPGenerator" name="test_generate_rfp_different_tones" time="60.201"><failure message="AssertionError: RFP generation with Formal tone failed&#10;assert 502 == 200&#10; +  where 502 = &lt;Response [502]&gt;.status_code">backend/tests/test_rfp_generator.py:224: in test_generate_rfp_different_tones
    assert response.status_code == 200, f"RFP generation with {tone} tone failed"
E   AssertionError: RFP generation with Formal tone failed
E   assert 502 == 200
E    +  where 502 = &lt;Response [502]&gt;.status_code</failure></testcase><testcase classname="backend.tests.test_rfp_generator.TestRFPGenerator" name="test_generate_rfp_response_structure" time="60.183"><failure message="assert 502 == 200&#10; +  where 502 = &lt;Response [502]&gt;.status_code">backend/tests/test_rfp_generator.py:245: in test_generate_rfp_response_structure
    assert response.status_code == 200
E   assert 502 == 200
E    +  where 502 = &lt;Response [502]&gt;.status_code</failure></testcase></testsuite></testsuites>