<?xml version="1.0" encoding="utf-8"?><testsuites name="pytest tests"><testsuite name="pytest" errors="0" failures="0" skipped="0" tests="28" time="4.095" timestamp="2026-03-17T11:02:53.654983+00:00" hostname="agent-env-1ece4f8a-ebfc-4ff2-b3bc-0d0ea1cd80e3"><testcase classname="backend.tests.test_rfp_export.TestRFPExportEndpoint" name="test_endpoint_exists" time="0.113" /><testcase classname="backend.tests.test_rfp_export.TestRFPExportEndpoint" name="test_invalid_format_rejected" time="0.141" /><testcase classname="backend.tests.test_rfp_export.TestRFPExportEndpoint" name="test_missing_sections_handled" time="0.207" /><testcase classname="backend.tests.test_rfp_export.TestDOCXExport" name="test_docx_export_returns_200" time="0.137" /><testcase classname="backend.tests.test_rfp_export.TestDOCXExport" name="test_docx_correct_content_type" time="0.162" /><testcase classname="backend.tests.test_rfp_export.TestDOCXExport" name="test_docx_has_content_disposition" time="0.132" /><testcase classname="backend.tests.test_rfp_export.TestDOCXExport" name="test_docx_non_zero_size" time="0.189" /><testcase classname="backend.tests.test_rfp_export.TestDOCXExport" name="test_docx_valid_file_structure" time="0.170" /><testcase classname="backend.tests.test_rfp_export.TestDOCXExport" name="test_docx_can_be_read" time="0.160" /><testcase classname="backend.tests.test_rfp_export.TestDOCXExport" name="test_docx_contains_project_name" time="0.149" /><testcase classname="backend.tests.test_rfp_export.TestDOCXExport" name="test_docx_contains_client_name" time="0.136" /><testcase classname="backend.tests.test_rfp_export.TestDOCXExport" name="test_docx_contains_section_headings" time="0.147" /><testcase classname="backend.tests.test_rfp_export.TestDOCXExport" name="test_docx_contains_table_of_contents" time="0.136" /><testcase classname="backend.tests.test_rfp_export.TestPDFExport" name="test_pdf_export_returns_200" time="0.213" /><testcase classname="backend.tests.test_rfp_export.TestPDFExport" name="test_pdf_correct_content_type" time="0.114" /><testcase classname="backend.tests.test_rfp_export.TestPDFExport" name="test_pdf_has_content_disposition" time="0.125" /><testcase classname="backend.tests.test_rfp_export.TestPDFExport" name="test_pdf_non_zero_size" time="0.108" /><testcase classname="backend.tests.test_rfp_export.TestPDFExport" name="test_pdf_valid_signature" time="0.120" /><testcase classname="backend.tests.test_rfp_export.TestPDFExport" name="test_pdf_contains_text" time="0.158" /><testcase classname="backend.tests.test_rfp_export.TestPDFExport" name="test_pdf_contains_project_name" time="0.127" /><testcase classname="backend.tests.test_rfp_export.TestPDFExport" name="test_pdf_multipage" time="0.127" /><testcase classname="backend.tests.test_rfp_export.TestExportEdgeCases" name="test_special_characters_in_project_name" time="0.148" /><testcase classname="backend.tests.test_rfp_export.TestExportEdgeCases" name="test_unicode_content" time="0.110" /><testcase classname="backend.tests.test_rfp_export.TestExportEdgeCases" name="test_empty_source_names" time="0.132" /><testcase classname="backend.tests.test_rfp_export.TestExportEdgeCases" name="test_long_content" time="0.144" /><testcase classname="backend.tests.test_rfp_export.TestExportEdgeCases" name="test_many_sections" time="0.163" /><testcase classname="backend.tests.test_rfp_export.TestFilenameGeneration" name="test_docx_filename_contains_project" time="0.124" /><testcase classname="backend.tests.test_rfp_export.TestFilenameGeneration" name="test_pdf_filename_contains_project" time="0.115" /></testsuite></testsuites>