<?xml version="1.0" encoding="utf-8"?><testsuites name="pytest tests"><testsuite name="pytest" errors="0" failures="0" skipped="0" tests="10" time="124.399" timestamp="2026-03-17T08:37:16.756740+00:00" hostname="agent-env-dd690fda-b3e4-4086-ba64-10ce875cbafb"><testcase classname="backend.tests.test_visual_report.TestVisualReportGeneration" name="test_api_health" time="0.163" /><testcase classname="backend.tests.test_visual_report.TestVisualReportGeneration" name="test_sources_available" time="0.140" /><testcase classname="backend.tests.test_visual_report.TestVisualReportGeneration" name="test_report_generation_returns_structured_slides_data" time="13.723" /><testcase classname="backend.tests.test_visual_report.TestVisualReportGeneration" name="test_report_sections_have_required_fields" time="25.126" /><testcase classname="backend.tests.test_visual_report.TestReportBulletsConciseness" name="test_bullets_under_15_words" time="12.627" /><testcase classname="backend.tests.test_visual_report.TestReportWorkflowSections" name="test_at_least_one_workflow_section" time="11.691" /><testcase classname="backend.tests.test_visual_report.TestReportThemeDetection" name="test_health_theme_detected" time="15.427" /><testcase classname="backend.tests.test_visual_report.TestReportImageKeywords" name="test_every_section_has_image_keyword" time="16.539" /><testcase classname="backend.tests.test_visual_report.TestReportImageKeywords" name="test_image_keyword_is_contextual" time="13.360" /><testcase classname="backend.tests.test_visual_report.TestReportImageGeneration" name="test_generate_image_for_report_section" time="15.532" /></testsuite></testsuites>